<?xml version="1.0" encoding="UTF-8"?>
<!-- Generated by org.testng.reporters.JUnitReportReporter -->
<testsuite skipped="0" hostname="muhammads-mbp" name="qaautomation.december2022.apitest.APITest" tests="3" failures="0" timestamp="01 Feb 2023 19:38:03 GMT" time="3.875" errors="0">
  <testcase name="loginAPI" time="1.438" classname="qaautomation.december2022.apitest.APITest"/>
  <testcase name="userAPI" time="1.192" classname="qaautomation.december2022.apitest.APITest"/>
  <testcase name="buildCardsAPI" time="1.245" classname="qaautomation.december2022.apitest.APITest"/>
</testsuite> <!-- qaautomation.december2022.apitest.APITest -->
