<?xml version="1.0" encoding="UTF-8"?>
<!-- Generated by org.testng.reporters.JUnitReportReporter -->
<testsuite skipped="0" hostname="muhammads-mbp" name="qaautomation.december2022.apitest.APITestAfterRefactor" tests="3" failures="0" timestamp="01 Feb 2023 19:38:03 GMT" time="12.191" errors="0">
  <testcase name="dashboardAPIUsingSchemaInCode" time="2.811" classname="qaautomation.december2022.apitest.APITestAfterRefactor"/>
  <testcase name="dashboardAPI" time="6.623" classname="qaautomation.december2022.apitest.APITestAfterRefactor"/>
  <testcase name="userAPI" time="2.757" classname="qaautomation.december2022.apitest.APITestAfterRefactor"/>
</testsuite> <!-- qaautomation.december2022.apitest.APITestAfterRefactor -->
